09:46:27  [main] 	Initializing Control Panel
09:46:27  [main] 	Windows Version: Windows 7 Enterprise SP1 64-bit
09:46:27  [main] 	XAMPP Version: 5.6.8
09:46:27  [main] 	Control Panel Version: 3.2.1  [ Compiled: May 7th 2013 ]
09:46:27  [main] 	You are not running with administrator rights! This will work for
09:46:27  [main] 	most application stuff but whenever you do something with services
09:46:27  [main] 	there will be a security dialogue or things will break! So think 
09:46:27  [main] 	about running this application with administrator rights!
09:46:27  [main] 	XAMPP Installation Directory: "\\nsta-uwe14\users$\za2-khan\windows\downloads\xampp\"
09:46:27  [main] 	WARNING: Your install directory contains special characters.  This may break programs/scripts
09:46:27  [main] 	Checking for prerequisites
09:46:31  [main] 	All prerequisites found
09:46:31  [main] 	Initializing Modules
09:46:31  [main] 	Starting Check-Timer
09:46:31  [main] 	Control Panel Ready
09:46:36  [Apache] 	Attempting to start Apache app...
09:46:36  [Apache] 	Status change detected: running
09:46:37  [Apache] 	Status change detected: stopped
09:46:37  [Apache] 	Error: Apache shutdown unexpectedly.
09:46:37  [Apache] 	This may be due to a blocked port, missing dependencies, 
09:46:37  [Apache] 	improper privileges, a crash, or a shutdown by another method.
09:46:37  [Apache] 	Press the Logs button to view error logs and check
09:46:37  [Apache] 	the Windows Event Viewer for more clues
09:46:37  [Apache] 	If you need more help, copy and post this
09:46:37  [Apache] 	entire log window on the forums
09:46:46  [mysql] 	Attempting to start MySQL app...
09:46:46  [mysql] 	Status change detected: running
09:46:48  [mysql] 	Status change detected: stopped
09:46:48  [mysql] 	Error: MySQL shutdown unexpectedly.
09:46:48  [mysql] 	This may be due to a blocked port, missing dependencies, 
09:46:48  [mysql] 	improper privileges, a crash, or a shutdown by another method.
09:46:48  [mysql] 	Press the Logs button to view error logs and check
09:46:48  [mysql] 	the Windows Event Viewer for more clues
09:46:48  [mysql] 	If you need more help, copy and post this
09:46:48  [mysql] 	entire log window on the forums
09:47:32  [main] 	Executing "services.msc"
09:47:41  [Apache] 	Attempting to start Apache app...
09:47:42  [Apache] 	Status change detected: running
09:47:42  [Apache] 	Status change detected: stopped
09:47:42  [Apache] 	Error: Apache shutdown unexpectedly.
09:47:42  [Apache] 	This may be due to a blocked port, missing dependencies, 
09:47:42  [Apache] 	improper privileges, a crash, or a shutdown by another method.
09:47:42  [Apache] 	Press the Logs button to view error logs and check
09:47:42  [Apache] 	the Windows Event Viewer for more clues
09:47:42  [Apache] 	If you need more help, copy and post this
09:47:42  [Apache] 	entire log window on the forums
09:47:58  [main] 	Deinitializing Modules
09:47:58  [main] 	Deinitializing Control Panel

16:39:21  [main] 	Initializing Control Panel
16:39:21  [main] 	Windows Version: Windows 8 Enterprise  64-bit
16:39:21  [main] 	XAMPP Version: 5.6.8
16:39:21  [main] 	Control Panel Version: 3.2.1  [ Compiled: May 7th 2013 ]
16:39:21  [main] 	You are not running with administrator rights! This will work for
16:39:21  [main] 	most application stuff but whenever you do something with services
16:39:21  [main] 	there will be a security dialogue or things will break! So think 
16:39:21  [main] 	about running this application with administrator rights!
16:39:21  [main] 	XAMPP Installation Directory: "g:\xampp\"
16:39:21  [main] 	Checking for prerequisites
16:39:21  [main] 	All prerequisites found
16:39:21  [main] 	Initializing Modules
16:39:21  [main] 	Starting Check-Timer
16:39:21  [main] 	Control Panel Ready
16:39:22  [Apache] 	Attempting to start Apache app...
16:39:22  [Apache] 	Status change detected: running
16:39:23  [mysql] 	Attempting to start MySQL app...
16:39:23  [mysql] 	Status change detected: running
17:10:49  [Apache] 	Attempting to stop Apache (PID: 11488)
17:10:49  [Apache] 	Attempting to stop Apache (PID: 7876)
17:10:49  [Apache] 	Status change detected: stopped
17:10:49  [mysql] 	Attempting to stop MySQL (PID: 12076)
17:10:49  [mysql] 	Status change detected: stopped
17:10:51  [main] 	Deinitializing Modules
17:10:51  [main] 	Deinitializing Control Panel

11:26:19  [main] 	Initializing Control Panel
11:26:19  [main] 	Windows Version: Windows 8  64-bit
11:26:19  [main] 	XAMPP Version: 5.6.8
11:26:19  [main] 	Control Panel Version: 3.2.1  [ Compiled: May 7th 2013 ]
11:26:19  [main] 	You are not running with administrator rights! This will work for
11:26:19  [main] 	most application stuff but whenever you do something with services
11:26:19  [main] 	there will be a security dialogue or things will break! So think 
11:26:19  [main] 	about running this application with administrator rights!
11:26:19  [main] 	XAMPP Installation Directory: "g:\xampp\"
11:26:19  [main] 	Checking for prerequisites
11:26:20  [main] 	All prerequisites found
11:26:20  [main] 	Initializing Modules
11:26:20  [main] 	Starting Check-Timer
11:26:20  [main] 	Control Panel Ready
11:26:23  [Apache] 	Attempting to start Apache app...
11:26:23  [Apache] 	Status change detected: running
11:26:24  [mysql] 	Attempting to start MySQL app...
11:26:34  [mysql] 	Status change detected: running
11:43:28  [mysql] 	Attempting to stop MySQL (PID: 9352)
11:43:29  [mysql] 	Status change detected: stopped
11:43:29  [Apache] 	Attempting to stop Apache (PID: 22432)
11:43:29  [Apache] 	Attempting to stop Apache (PID: 12960)
11:43:29  [Apache] 	Status change detected: stopped
11:43:31  [main] 	Deinitializing Modules
11:43:31  [main] 	Deinitializing Control Panel

19:19:15  [main] 	Initializing Control Panel
19:19:15  [main] 	Windows Version: Windows 7 Enterprise SP1 64-bit
19:19:15  [main] 	XAMPP Version: 5.6.8
19:19:15  [main] 	Control Panel Version: 3.2.1  [ Compiled: May 7th 2013 ]
19:19:15  [main] 	You are not running with administrator rights! This will work for
19:19:15  [main] 	most application stuff but whenever you do something with services
19:19:15  [main] 	there will be a security dialogue or things will break! So think 
19:19:15  [main] 	about running this application with administrator rights!
19:19:15  [main] 	XAMPP Installation Directory: "f:\xampp\"
19:19:15  [main] 	Checking for prerequisites
19:19:16  [main] 	All prerequisites found
19:19:16  [main] 	Initializing Modules
19:19:16  [main] 	Starting Check-Timer
19:19:16  [main] 	Control Panel Ready
19:19:17  [Apache] 	Attempting to start Apache app...
19:19:17  [Apache] 	Status change detected: running
19:19:17  [mysql] 	Attempting to start MySQL app...
19:19:18  [mysql] 	Status change detected: running
20:00:32  [Apache] 	Attempting to stop Apache (PID: 8516)
20:00:32  [Apache] 	Attempting to stop Apache (PID: 7724)
20:00:32  [Apache] 	Status change detected: stopped
20:00:33  [mysql] 	Attempting to stop MySQL (PID: 6068)
20:00:33  [mysql] 	Status change detected: stopped
20:00:33  [main] 	Deinitializing Modules
20:00:33  [main] 	Deinitializing Control Panel

15:08:10  [main] 	Initializing Control Panel
15:08:10  [main] 	Windows Version: Windows 8 Enterprise  64-bit
15:08:10  [main] 	XAMPP Version: 5.6.8
15:08:10  [main] 	Control Panel Version: 3.2.1  [ Compiled: May 7th 2013 ]
15:08:10  [main] 	You are not running with administrator rights! This will work for
15:08:10  [main] 	most application stuff but whenever you do something with services
15:08:10  [main] 	there will be a security dialogue or things will break! So think 
15:08:10  [main] 	about running this application with administrator rights!
15:08:10  [main] 	XAMPP Installation Directory: "f:\xampp\"
15:08:10  [main] 	Checking for prerequisites
15:08:15  [main] 	All prerequisites found
15:08:15  [main] 	Initializing Modules
15:08:15  [main] 	Starting Check-Timer
15:08:15  [main] 	Control Panel Ready
15:08:18  [Apache] 	Attempting to start Apache app...
15:08:19  [Apache] 	Status change detected: running
15:08:19  [mysql] 	Attempting to start MySQL app...
15:08:19  [mysql] 	Status change detected: running
15:34:18  [Apache] 	Attempting to stop Apache (PID: 8228)
15:34:18  [Apache] 	Attempting to stop Apache (PID: 8348)
15:34:18  [mysql] 	Attempting to stop MySQL (PID: 1196)
15:34:18  [Apache] 	Status change detected: stopped
15:34:19  [mysql] 	Status change detected: stopped
15:34:20  [main] 	Deinitializing Modules
15:34:20  [main] 	Deinitializing Control Panel

15:08:02  [main] 	Initializing Control Panel
15:08:02  [main] 	Windows Version: Windows 8 Enterprise  64-bit
15:08:02  [main] 	XAMPP Version: 5.6.8
15:08:02  [main] 	Control Panel Version: 3.2.1  [ Compiled: May 7th 2013 ]
15:08:02  [main] 	You are not running with administrator rights! This will work for
15:08:02  [main] 	most application stuff but whenever you do something with services
15:08:02  [main] 	there will be a security dialogue or things will break! So think 
15:08:02  [main] 	about running this application with administrator rights!
15:08:02  [main] 	XAMPP Installation Directory: "f:\xampp\"
15:08:02  [main] 	Checking for prerequisites
15:08:15  [main] 	All prerequisites found
15:08:15  [main] 	Initializing Modules
15:08:15  [main] 	Starting Check-Timer
15:08:15  [main] 	Control Panel Ready
15:08:19  [Apache] 	Status change detected: running
15:08:19  [mysql] 	Status change detected: running
15:34:18  [Apache] 	Status change detected: stopped
15:34:18  [Apache] 	Error: Apache shutdown unexpectedly.
15:34:18  [Apache] 	This may be due to a blocked port, missing dependencies, 
15:34:18  [Apache] 	improper privileges, a crash, or a shutdown by another method.
15:34:18  [Apache] 	Press the Logs button to view error logs and check
15:34:18  [Apache] 	the Windows Event Viewer for more clues
15:34:18  [Apache] 	If you need more help, copy and post this
15:34:18  [Apache] 	entire log window on the forums
15:34:19  [mysql] 	Status change detected: stopped
15:34:19  [mysql] 	Error: MySQL shutdown unexpectedly.
15:34:19  [mysql] 	This may be due to a blocked port, missing dependencies, 
15:34:19  [mysql] 	improper privileges, a crash, or a shutdown by another method.
15:34:19  [mysql] 	Press the Logs button to view error logs and check
15:34:19  [mysql] 	the Windows Event Viewer for more clues
15:34:19  [mysql] 	If you need more help, copy and post this
15:34:19  [mysql] 	entire log window on the forums
15:34:21  [main] 	Deinitializing Modules
15:34:21  [main] 	Deinitializing Control Panel

15:41:04  [main] 	Initializing Control Panel
15:41:04  [main] 	Windows Version: Windows 7 Enterprise SP1 64-bit
15:41:04  [main] 	XAMPP Version: 5.6.8
15:41:04  [main] 	Control Panel Version: 3.2.1  [ Compiled: May 7th 2013 ]
15:41:04  [main] 	You are not running with administrator rights! This will work for
15:41:04  [main] 	most application stuff but whenever you do something with services
15:41:04  [main] 	there will be a security dialogue or things will break! So think 
15:41:04  [main] 	about running this application with administrator rights!
15:41:04  [main] 	XAMPP Installation Directory: "f:\xampp\"
15:41:04  [main] 	Checking for prerequisites
15:41:05  [main] 	All prerequisites found
15:41:05  [main] 	Initializing Modules
15:41:05  [main] 	Starting Check-Timer
15:41:05  [main] 	Control Panel Ready
15:41:07  [Apache] 	Attempting to start Apache app...
15:41:07  [Apache] 	Status change detected: running
15:41:07  [mysql] 	Attempting to start MySQL app...
15:41:07  [mysql] 	Status change detected: running
19:02:49  [mysql] 	Attempting to stop MySQL (PID: 7788)
19:02:50  [mysql] 	Status change detected: stopped
19:02:50  [Apache] 	Attempting to stop Apache (PID: 7592)
19:02:50  [Apache] 	Attempting to stop Apache (PID: 9372)
19:02:51  [Apache] 	Status change detected: stopped
19:02:51  [main] 	Deinitializing Modules
19:02:51  [main] 	Deinitializing Control Panel

14:53:23  [main] 	Initializing Control Panel
14:53:24  [main] 	Windows Version: Windows 8  64-bit
14:53:24  [main] 	XAMPP Version: 5.6.8
14:53:24  [main] 	Control Panel Version: 3.2.1  [ Compiled: May 7th 2013 ]
14:53:24  [main] 	You are not running with administrator rights! This will work for
14:53:24  [main] 	most application stuff but whenever you do something with services
14:53:24  [main] 	there will be a security dialogue or things will break! So think 
14:53:24  [main] 	about running this application with administrator rights!
14:53:24  [main] 	XAMPP Installation Directory: "f:\xampp\"
14:53:24  [main] 	Checking for prerequisites
14:53:24  [main] 	All prerequisites found
14:53:24  [main] 	Initializing Modules
14:53:24  [Apache] 	Problem detected!
14:53:24  [Apache] 	Port 80 in use by "Unable to open process" with PID 4!
14:53:24  [Apache] 	Apache WILL NOT start without the configured ports free!
14:53:24  [Apache] 	You need to uninstall/disable/reconfigure the blocking application
14:53:24  [Apache] 	or reconfigure Apache and the Control Panel to listen on a different port
14:53:24  [main] 	Starting Check-Timer
14:53:24  [main] 	Control Panel Ready
14:53:26  [Apache] 	Problem detected!
14:53:26  [Apache] 	Port 80 in use by "Unable to open process" with PID 4!
14:53:26  [Apache] 	Apache WILL NOT start without the configured ports free!
14:53:26  [Apache] 	You need to uninstall/disable/reconfigure the blocking application
14:53:26  [Apache] 	or reconfigure Apache and the Control Panel to listen on a different port
14:53:27  [Apache] 	Attempting to start Apache app...
14:53:27  [Apache] 	Status change detected: running
14:53:38  [Apache] 	Status change detected: stopped
14:53:38  [Apache] 	Error: Apache shutdown unexpectedly.
14:53:38  [Apache] 	This may be due to a blocked port, missing dependencies, 
14:53:38  [Apache] 	improper privileges, a crash, or a shutdown by another method.
14:53:38  [Apache] 	Press the Logs button to view error logs and check
14:53:38  [Apache] 	the Windows Event Viewer for more clues
14:53:38  [Apache] 	If you need more help, copy and post this
14:53:38  [Apache] 	entire log window on the forums
14:55:13  [Apache] 	Attempting to start Apache app...
14:55:14  [Apache] 	Status change detected: running
14:55:20  [mysql] 	Attempting to start MySQL app...
14:55:33  [mysql] 	Status change detected: running
15:35:44  [Apache] 	Attempting to stop Apache (PID: 2040)
15:35:44  [Apache] 	Attempting to stop Apache (PID: 7460)
15:35:44  [Apache] 	Status change detected: stopped
15:35:44  [mysql] 	Attempting to stop MySQL (PID: 8368)
15:35:45  [mysql] 	Status change detected: stopped
15:35:46  [main] 	Deinitializing Modules
15:35:46  [main] 	Deinitializing Control Panel

19:37:58  [main] 	Initializing Control Panel
19:37:58  [main] 	Windows Version: Windows 7 Enterprise SP1 64-bit
19:37:58  [main] 	XAMPP Version: 5.6.8
19:37:58  [main] 	Control Panel Version: 3.2.1  [ Compiled: May 7th 2013 ]
19:37:58  [main] 	You are not running with administrator rights! This will work for
19:37:58  [main] 	most application stuff but whenever you do something with services
19:37:58  [main] 	there will be a security dialogue or things will break! So think 
19:37:58  [main] 	about running this application with administrator rights!
19:37:58  [main] 	XAMPP Installation Directory: "f:\xampp\"
19:37:58  [main] 	Checking for prerequisites
19:38:07  [main] 	All prerequisites found
19:38:07  [main] 	Initializing Modules
19:38:07  [main] 	Starting Check-Timer
19:38:07  [main] 	Control Panel Ready
19:38:09  [Apache] 	Attempting to start Apache app...
19:38:09  [mysql] 	Attempting to start MySQL app...
19:38:09  [Apache] 	Status change detected: running
19:38:09  [mysql] 	Status change detected: running
20:53:33  [Apache] 	Attempting to stop Apache (PID: 2960)
20:53:33  [Apache] 	Attempting to stop Apache (PID: 4056)
20:53:33  [Apache] 	Status change detected: stopped
20:53:34  [mysql] 	Attempting to stop MySQL (PID: 1436)
20:53:34  [mysql] 	Status change detected: stopped
20:53:36  [main] 	Deinitializing Modules
20:53:36  [main] 	Deinitializing Control Panel

10:30:21  [main] 	Initializing Control Panel
10:30:21  [main] 	Windows Version: Windows 7 Enterprise SP1 64-bit
10:30:21  [main] 	XAMPP Version: 5.6.8
10:30:21  [main] 	Control Panel Version: 3.2.1  [ Compiled: May 7th 2013 ]
10:30:21  [main] 	You are not running with administrator rights! This will work for
10:30:21  [main] 	most application stuff but whenever you do something with services
10:30:21  [main] 	there will be a security dialogue or things will break! So think 
10:30:21  [main] 	about running this application with administrator rights!
10:30:21  [main] 	XAMPP Installation Directory: "f:\xampp\"
10:30:21  [main] 	Checking for prerequisites
10:30:21  [main] 	All prerequisites found
10:30:21  [main] 	Initializing Modules
10:30:21  [main] 	Starting Check-Timer
10:30:21  [main] 	Control Panel Ready
10:30:22  [Apache] 	Attempting to start Apache app...
10:30:23  [mysql] 	Attempting to start MySQL app...
10:30:23  [Apache] 	Status change detected: running
10:30:23  [mysql] 	Status change detected: running
11:01:26  [Apache] 	Attempting to stop Apache (PID: 5720)
11:01:26  [Apache] 	Attempting to stop Apache (PID: 9060)
11:01:26  [mysql] 	Attempting to stop MySQL (PID: 3568)
11:01:26  [Apache] 	Status change detected: stopped
11:01:26  [mysql] 	Status change detected: stopped
11:01:29  [main] 	Deinitializing Modules
11:01:29  [main] 	Deinitializing Control Panel

11:10:20  [main] 	Initializing Control Panel
11:10:20  [main] 	Windows Version: Windows 8 Enterprise  64-bit
11:10:20  [main] 	XAMPP Version: 5.6.8
11:10:20  [main] 	Control Panel Version: 3.2.1  [ Compiled: May 7th 2013 ]
11:10:20  [main] 	You are not running with administrator rights! This will work for
11:10:20  [main] 	most application stuff but whenever you do something with services
11:10:20  [main] 	there will be a security dialogue or things will break! So think 
11:10:20  [main] 	about running this application with administrator rights!
11:10:20  [main] 	XAMPP Installation Directory: "f:\xampp\"
11:10:20  [main] 	Checking for prerequisites
11:11:10  [main] 	All prerequisites found
11:11:10  [main] 	Initializing Modules
11:11:10  [main] 	Starting Check-Timer
11:11:10  [main] 	Control Panel Ready
11:11:15  [Apache] 	Status change detected: running
11:11:16  [mysql] 	Status change detected: running
12:01:20  [Apache] 	Attempting to stop Apache (PID: 6748)
12:01:20  [Apache] 	Attempting to stop Apache (PID: 2876)
12:01:20  [mysql] 	Attempting to stop MySQL (PID: 8548)
12:01:21  [Apache] 	Status change detected: stopped
12:01:21  [mysql] 	Status change detected: stopped
12:01:22  [main] 	Deinitializing Modules
12:01:22  [main] 	Deinitializing Control Panel

11:11:07  [main] 	Initializing Control Panel
11:11:07  [main] 	Windows Version: Windows 8 Enterprise  64-bit
11:11:07  [main] 	XAMPP Version: 5.6.8
11:11:07  [main] 	Control Panel Version: 3.2.1  [ Compiled: May 7th 2013 ]
11:11:07  [main] 	You are not running with administrator rights! This will work for
11:11:07  [main] 	most application stuff but whenever you do something with services
11:11:07  [main] 	there will be a security dialogue or things will break! So think 
11:11:07  [main] 	about running this application with administrator rights!
11:11:07  [main] 	XAMPP Installation Directory: "f:\xampp\"
11:11:07  [main] 	Checking for prerequisites
11:11:10  [main] 	All prerequisites found
11:11:10  [main] 	Initializing Modules
11:11:10  [main] 	Starting Check-Timer
11:11:10  [main] 	Control Panel Ready
11:11:15  [Apache] 	Attempting to start Apache app...
11:11:15  [Apache] 	Status change detected: running
11:11:15  [mysql] 	Attempting to start MySQL app...
11:11:16  [mysql] 	Status change detected: running
12:01:21  [Apache] 	Status change detected: stopped
12:01:21  [Apache] 	Error: Apache shutdown unexpectedly.
12:01:21  [Apache] 	This may be due to a blocked port, missing dependencies, 
12:01:21  [Apache] 	improper privileges, a crash, or a shutdown by another method.
12:01:21  [Apache] 	Press the Logs button to view error logs and check
12:01:21  [Apache] 	the Windows Event Viewer for more clues
12:01:21  [Apache] 	If you need more help, copy and post this
12:01:21  [Apache] 	entire log window on the forums
12:01:21  [mysql] 	Status change detected: stopped
12:01:21  [mysql] 	Error: MySQL shutdown unexpectedly.
12:01:21  [mysql] 	This may be due to a blocked port, missing dependencies, 
12:01:21  [mysql] 	improper privileges, a crash, or a shutdown by another method.
12:01:21  [mysql] 	Press the Logs button to view error logs and check
12:01:21  [mysql] 	the Windows Event Viewer for more clues
12:01:21  [mysql] 	If you need more help, copy and post this
12:01:21  [mysql] 	entire log window on the forums
12:03:30  [main] 	Deinitializing Modules
12:03:30  [main] 	Deinitializing Control Panel

11:10:54  [main] 	Initializing Control Panel
11:10:54  [main] 	Windows Version: Windows 8 Enterprise  64-bit
11:10:54  [main] 	XAMPP Version: 5.6.8
11:10:54  [main] 	Control Panel Version: 3.2.1  [ Compiled: May 7th 2013 ]
11:10:54  [main] 	You are not running with administrator rights! This will work for
11:10:54  [main] 	most application stuff but whenever you do something with services
11:10:54  [main] 	there will be a security dialogue or things will break! So think 
11:10:54  [main] 	about running this application with administrator rights!
11:10:54  [main] 	XAMPP Installation Directory: "f:\xampp\"
11:10:54  [main] 	Checking for prerequisites
11:11:10  [main] 	All prerequisites found
11:11:10  [main] 	Initializing Modules
11:11:10  [main] 	Starting Check-Timer
11:11:10  [main] 	Control Panel Ready
11:11:15  [Apache] 	Status change detected: running
11:11:16  [mysql] 	Status change detected: running
12:01:21  [Apache] 	Status change detected: stopped
12:01:21  [Apache] 	Error: Apache shutdown unexpectedly.
12:01:21  [Apache] 	This may be due to a blocked port, missing dependencies, 
12:01:21  [Apache] 	improper privileges, a crash, or a shutdown by another method.
12:01:21  [Apache] 	Press the Logs button to view error logs and check
12:01:21  [Apache] 	the Windows Event Viewer for more clues
12:01:21  [Apache] 	If you need more help, copy and post this
12:01:21  [Apache] 	entire log window on the forums
12:01:21  [mysql] 	Status change detected: stopped
12:01:21  [mysql] 	Error: MySQL shutdown unexpectedly.
12:01:21  [mysql] 	This may be due to a blocked port, missing dependencies, 
12:01:21  [mysql] 	improper privileges, a crash, or a shutdown by another method.
12:01:21  [mysql] 	Press the Logs button to view error logs and check
12:01:21  [mysql] 	the Windows Event Viewer for more clues
12:01:21  [mysql] 	If you need more help, copy and post this
12:01:21  [mysql] 	entire log window on the forums
12:03:31  [main] 	Deinitializing Modules
12:03:31  [main] 	Deinitializing Control Panel

12:12:20  [main] 	Initializing Control Panel
12:12:20  [main] 	Windows Version: Windows 8  64-bit
12:12:20  [main] 	XAMPP Version: 5.6.8
12:12:20  [main] 	Control Panel Version: 3.2.1  [ Compiled: May 7th 2013 ]
12:12:20  [main] 	You are not running with administrator rights! This will work for
12:12:20  [main] 	most application stuff but whenever you do something with services
12:12:20  [main] 	there will be a security dialogue or things will break! So think 
12:12:20  [main] 	about running this application with administrator rights!
12:12:20  [main] 	XAMPP Installation Directory: "f:\xampp\"
12:12:20  [main] 	Checking for prerequisites
12:12:20  [main] 	All prerequisites found
12:12:20  [main] 	Initializing Modules
12:12:20  [main] 	Starting Check-Timer
12:12:20  [main] 	Control Panel Ready
12:12:22  [Apache] 	Attempting to start Apache app...
12:12:22  [Apache] 	Status change detected: running
12:12:30  [mysql] 	Attempting to start MySQL app...
12:12:33  [mysql] 	Status change detected: running
12:13:05  [mysql] 	Attempting to stop MySQL (PID: 608)
12:13:05  [mysql] 	Status change detected: stopped
12:13:06  [Apache] 	Attempting to stop Apache (PID: 4912)
12:13:06  [Apache] 	Attempting to stop Apache (PID: 992)
12:13:06  [Apache] 	Status change detected: stopped
12:13:07  [main] 	Deinitializing Modules
12:13:07  [main] 	Deinitializing Control Panel

13:07:35  [main] 	Initializing Control Panel
13:07:35  [main] 	Windows Version: Windows 8  64-bit
13:07:35  [main] 	XAMPP Version: 5.6.8
13:07:35  [main] 	Control Panel Version: 3.2.1  [ Compiled: May 7th 2013 ]
13:07:35  [main] 	You are not running with administrator rights! This will work for
13:07:35  [main] 	most application stuff but whenever you do something with services
13:07:35  [main] 	there will be a security dialogue or things will break! So think 
13:07:35  [main] 	about running this application with administrator rights!
13:07:35  [main] 	XAMPP Installation Directory: "g:\xampp\"
13:07:35  [main] 	Checking for prerequisites
13:07:54  [main] 	All prerequisites found
13:07:54  [main] 	Initializing Modules
13:07:54  [main] 	Starting Check-Timer
13:07:54  [main] 	Control Panel Ready
13:07:58  [Apache] 	Status change detected: running
13:08:08  [mysql] 	Status change detected: running
13:52:31  [Apache] 	Attempting to stop Apache (PID: 4868)
13:52:31  [Apache] 	Attempting to stop Apache (PID: 6888)
13:52:31  [Apache] 	Status change detected: stopped
13:52:31  [mysql] 	Attempting to stop MySQL (PID: 6356)
13:52:32  [mysql] 	Status change detected: stopped
13:52:33  [main] 	Deinitializing Modules
13:52:33  [main] 	Deinitializing Control Panel

13:07:44  [main] 	Initializing Control Panel
13:07:44  [main] 	Windows Version: Windows 8  64-bit
13:07:44  [main] 	XAMPP Version: 5.6.8
13:07:44  [main] 	Control Panel Version: 3.2.1  [ Compiled: May 7th 2013 ]
13:07:44  [main] 	You are not running with administrator rights! This will work for
13:07:44  [main] 	most application stuff but whenever you do something with services
13:07:44  [main] 	there will be a security dialogue or things will break! So think 
13:07:44  [main] 	about running this application with administrator rights!
13:07:44  [main] 	XAMPP Installation Directory: "g:\xampp\"
13:07:44  [main] 	Checking for prerequisites
13:07:54  [main] 	All prerequisites found
13:07:54  [main] 	Initializing Modules
13:07:54  [main] 	Starting Check-Timer
13:07:54  [main] 	Control Panel Ready
13:07:57  [Apache] 	Attempting to start Apache app...
13:07:58  [Apache] 	Status change detected: running
13:07:58  [mysql] 	Attempting to start MySQL app...
13:08:07  [mysql] 	Status change detected: running
13:52:31  [Apache] 	Status change detected: stopped
13:52:31  [Apache] 	Error: Apache shutdown unexpectedly.
13:52:31  [Apache] 	This may be due to a blocked port, missing dependencies, 
13:52:31  [Apache] 	improper privileges, a crash, or a shutdown by another method.
13:52:31  [Apache] 	Press the Logs button to view error logs and check
13:52:31  [Apache] 	the Windows Event Viewer for more clues
13:52:31  [Apache] 	If you need more help, copy and post this
13:52:31  [Apache] 	entire log window on the forums
13:52:32  [mysql] 	Status change detected: stopped
13:52:32  [mysql] 	Error: MySQL shutdown unexpectedly.
13:52:32  [mysql] 	This may be due to a blocked port, missing dependencies, 
13:52:32  [mysql] 	improper privileges, a crash, or a shutdown by another method.
13:52:32  [mysql] 	Press the Logs button to view error logs and check
13:52:32  [mysql] 	the Windows Event Viewer for more clues
13:52:32  [mysql] 	If you need more help, copy and post this
13:52:32  [mysql] 	entire log window on the forums
13:52:42  [main] 	Deinitializing Modules
13:52:42  [main] 	Deinitializing Control Panel

11:36:27  [main] 	Initializing Control Panel
11:36:27  [main] 	Windows Version: Windows 8  64-bit
11:36:27  [main] 	XAMPP Version: 5.6.8
11:36:27  [main] 	Control Panel Version: 3.2.1  [ Compiled: May 7th 2013 ]
11:36:27  [main] 	You are not running with administrator rights! This will work for
11:36:27  [main] 	most application stuff but whenever you do something with services
11:36:27  [main] 	there will be a security dialogue or things will break! So think 
11:36:27  [main] 	about running this application with administrator rights!
11:36:27  [main] 	XAMPP Installation Directory: "e:\xampp\"
11:36:27  [main] 	Checking for prerequisites
11:36:32  [main] 	All prerequisites found
11:36:32  [main] 	Initializing Modules
11:36:32  [main] 	Starting Check-Timer
11:36:32  [main] 	Control Panel Ready
15:00:42  [main] 	Deinitializing Modules
15:00:42  [main] 	Deinitializing Control Panel

11:11:52  [main] 	Initializing Control Panel
11:11:52  [main] 	Windows Version: Windows 8  64-bit
11:11:52  [main] 	XAMPP Version: 5.6.8
11:11:52  [main] 	Control Panel Version: 3.2.1  [ Compiled: May 7th 2013 ]
11:11:52  [main] 	You are not running with administrator rights! This will work for
11:11:52  [main] 	most application stuff but whenever you do something with services
11:11:52  [main] 	there will be a security dialogue or things will break! So think 
11:11:52  [main] 	about running this application with administrator rights!
11:11:52  [main] 	XAMPP Installation Directory: "e:\xampp\"
11:11:52  [main] 	Checking for prerequisites
11:11:52  [main] 	All prerequisites found
11:11:52  [main] 	Initializing Modules
11:11:52  [main] 	Starting Check-Timer
11:11:52  [main] 	Control Panel Ready
11:12:38  [mysql] 	Attempting to start MySQL app...
11:12:46  [Apache] 	Attempting to start Apache app...
11:12:46  [Apache] 	Attempting to start Apache app...
11:12:46  [Apache] 	Status change detected: running
11:12:46  [mysql] 	Status change detected: running
11:32:44  [Apache] 	Attempting to stop Apache (PID: 5368)
11:32:44  [Apache] 	Attempting to stop Apache (PID: 10020)
11:32:44  [Apache] 	Status change detected: stopped
11:32:45  [mysql] 	Attempting to stop MySQL (PID: 8444)
11:32:45  [mysql] 	Status change detected: stopped
11:39:02  [main] 	Deinitializing Modules
11:39:02  [main] 	Deinitializing Control Panel

13:40:56  [main] 	Initializing Control Panel
13:40:56  [main] 	Windows Version: Windows 8  64-bit
13:40:56  [main] 	XAMPP Version: 5.6.8
13:40:56  [main] 	Control Panel Version: 3.2.1  [ Compiled: May 7th 2013 ]
13:40:56  [main] 	You are not running with administrator rights! This will work for
13:40:56  [main] 	most application stuff but whenever you do something with services
13:40:56  [main] 	there will be a security dialogue or things will break! So think 
13:40:56  [main] 	about running this application with administrator rights!
13:40:56  [main] 	XAMPP Installation Directory: "e:\xampp\"
13:40:56  [main] 	Checking for prerequisites
13:40:56  [main] 	All prerequisites found
13:40:56  [main] 	Initializing Modules
13:40:56  [main] 	Starting Check-Timer
13:40:56  [main] 	Control Panel Ready
13:40:58  [Apache] 	Attempting to start Apache app...
13:40:58  [mysql] 	Attempting to start MySQL app...
13:41:07  [Apache] 	Status change detected: running
13:41:07  [mysql] 	Status change detected: running
14:19:55  [main] 	Deinitializing Modules
14:19:55  [main] 	Deinitializing Control Panel

14:33:27  [main] 	Initializing Control Panel
14:33:27  [main] 	Windows Version: Windows 8  64-bit
14:33:27  [main] 	XAMPP Version: 5.6.8
14:33:27  [main] 	Control Panel Version: 3.2.1  [ Compiled: May 7th 2013 ]
14:33:27  [main] 	You are not running with administrator rights! This will work for
14:33:27  [main] 	most application stuff but whenever you do something with services
14:33:27  [main] 	there will be a security dialogue or things will break! So think 
14:33:27  [main] 	about running this application with administrator rights!
14:33:27  [main] 	XAMPP Installation Directory: "f:\xampp\"
14:33:27  [main] 	Checking for prerequisites
14:33:28  [main] 	All prerequisites found
14:33:28  [main] 	Initializing Modules
14:33:28  [Apache] 	Problem detected!
14:33:28  [Apache] 	Port 80 in use by "Unable to open process" with PID 4!
14:33:28  [Apache] 	Apache WILL NOT start without the configured ports free!
14:33:28  [Apache] 	You need to uninstall/disable/reconfigure the blocking application
14:33:28  [Apache] 	or reconfigure Apache and the Control Panel to listen on a different port
14:33:28  [main] 	Starting Check-Timer
14:33:28  [main] 	Control Panel Ready
14:33:29  [Apache] 	Problem detected!
14:33:29  [Apache] 	Port 80 in use by "Unable to open process" with PID 4!
14:33:29  [Apache] 	Apache WILL NOT start without the configured ports free!
14:33:29  [Apache] 	You need to uninstall/disable/reconfigure the blocking application
14:33:29  [Apache] 	or reconfigure Apache and the Control Panel to listen on a different port
14:33:29  [Apache] 	Attempting to start Apache app...
14:33:30  [Apache] 	Status change detected: running
14:33:30  [mysql] 	Attempting to start MySQL app...
14:33:33  [Apache] 	Status change detected: stopped
14:33:33  [Apache] 	Error: Apache shutdown unexpectedly.
14:33:33  [Apache] 	This may be due to a blocked port, missing dependencies, 
14:33:33  [Apache] 	improper privileges, a crash, or a shutdown by another method.
14:33:33  [Apache] 	Press the Logs button to view error logs and check
14:33:33  [Apache] 	the Windows Event Viewer for more clues
14:33:33  [Apache] 	If you need more help, copy and post this
14:33:33  [Apache] 	entire log window on the forums
14:33:33  [mysql] 	Status change detected: running
14:33:34  [Apache] 	Problem detected!
14:33:34  [Apache] 	Port 80 in use by "Unable to open process" with PID 4!
14:33:34  [Apache] 	Apache WILL NOT start without the configured ports free!
14:33:34  [Apache] 	You need to uninstall/disable/reconfigure the blocking application
14:33:34  [Apache] 	or reconfigure Apache and the Control Panel to listen on a different port
14:33:34  [Apache] 	Attempting to start Apache app...
14:43:23  [Apache] 	Problem detected!
14:43:23  [Apache] 	Port 80 in use by "Unable to open process" with PID 4!
14:43:23  [Apache] 	Apache WILL NOT start without the configured ports free!
14:43:23  [Apache] 	You need to uninstall/disable/reconfigure the blocking application
14:43:23  [Apache] 	or reconfigure Apache and the Control Panel to listen on a different port
14:43:23  [Apache] 	Attempting to start Apache app...
14:43:23  [Apache] 	Status change detected: running
14:43:24  [Apache] 	Status change detected: stopped
14:43:24  [Apache] 	Error: Apache shutdown unexpectedly.
14:43:24  [Apache] 	This may be due to a blocked port, missing dependencies, 
14:43:24  [Apache] 	improper privileges, a crash, or a shutdown by another method.
14:43:24  [Apache] 	Press the Logs button to view error logs and check
14:43:24  [Apache] 	the Windows Event Viewer for more clues
14:43:24  [Apache] 	If you need more help, copy and post this
14:43:24  [Apache] 	entire log window on the forums
14:44:34  [Apache] 	Problem detected!
14:44:34  [Apache] 	Port 80 in use by "Unable to open process" with PID 4!
14:44:34  [Apache] 	Apache WILL NOT start without the configured ports free!
14:44:34  [Apache] 	You need to uninstall/disable/reconfigure the blocking application
14:44:34  [Apache] 	or reconfigure Apache and the Control Panel to listen on a different port
14:44:34  [Apache] 	Attempting to start Apache app...
14:44:34  [Apache] 	Status change detected: running
14:44:35  [Apache] 	Status change detected: stopped
14:44:35  [Apache] 	Error: Apache shutdown unexpectedly.
14:44:35  [Apache] 	This may be due to a blocked port, missing dependencies, 
14:44:35  [Apache] 	improper privileges, a crash, or a shutdown by another method.
14:44:35  [Apache] 	Press the Logs button to view error logs and check
14:44:35  [Apache] 	the Windows Event Viewer for more clues
14:44:35  [Apache] 	If you need more help, copy and post this
14:44:35  [Apache] 	entire log window on the forums
14:44:38  [main] 	Deinitializing Modules
14:44:38  [main] 	Deinitializing Control Panel

14:45:52  [main] 	Initializing Control Panel
14:45:52  [main] 	Windows Version: Windows 8  64-bit
14:45:52  [main] 	XAMPP Version: 5.6.8
14:45:52  [main] 	Control Panel Version: 3.2.1  [ Compiled: May 7th 2013 ]
14:45:52  [main] 	You are not running with administrator rights! This will work for
14:45:52  [main] 	most application stuff but whenever you do something with services
14:45:52  [main] 	there will be a security dialogue or things will break! So think 
14:45:52  [main] 	about running this application with administrator rights!
14:45:52  [main] 	XAMPP Installation Directory: "f:\xampp\"
14:45:52  [main] 	Checking for prerequisites
14:45:52  [main] 	All prerequisites found
14:45:52  [main] 	Initializing Modules
14:45:53  [Apache] 	Problem detected!
14:45:53  [Apache] 	Port 80 in use by "Unable to open process" with PID 4!
14:45:53  [Apache] 	Apache WILL NOT start without the configured ports free!
14:45:53  [Apache] 	You need to uninstall/disable/reconfigure the blocking application
14:45:53  [Apache] 	or reconfigure Apache and the Control Panel to listen on a different port
14:45:53  [main] 	Starting Check-Timer
14:45:53  [main] 	Control Panel Ready
14:45:54  [Apache] 	Problem detected!
14:45:54  [Apache] 	Port 80 in use by "Unable to open process" with PID 4!
14:45:54  [Apache] 	Apache WILL NOT start without the configured ports free!
14:45:54  [Apache] 	You need to uninstall/disable/reconfigure the blocking application
14:45:54  [Apache] 	or reconfigure Apache and the Control Panel to listen on a different port
14:45:54  [Apache] 	Attempting to start Apache app...
14:45:55  [Apache] 	Status change detected: running
14:45:56  [Apache] 	Status change detected: stopped
14:45:56  [Apache] 	Error: Apache shutdown unexpectedly.
14:45:56  [Apache] 	This may be due to a blocked port, missing dependencies, 
14:45:56  [Apache] 	improper privileges, a crash, or a shutdown by another method.
14:45:56  [Apache] 	Press the Logs button to view error logs and check
14:45:56  [Apache] 	the Windows Event Viewer for more clues
14:45:56  [Apache] 	If you need more help, copy and post this
14:45:56  [Apache] 	entire log window on the forums
14:45:57  [mysql] 	Attempting to start MySQL app...
14:46:00  [mysql] 	Status change detected: running
14:49:24  [Apache] 	Attempting to start Apache app...
14:49:24  [Apache] 	Status change detected: running
23:01:00  [Apache] 	Attempting to stop Apache (PID: 7908)
23:01:00  [Apache] 	Attempting to stop Apache (PID: 8112)
23:01:01  [Apache] 	Status change detected: stopped
23:01:01  [mysql] 	Attempting to stop MySQL (PID: 6744)
23:01:01  [mysql] 	Status change detected: stopped
23:01:02  [main] 	Deinitializing Modules
23:01:02  [main] 	Deinitializing Control Panel

13:03:11  [main] 	Initializing Control Panel
13:03:11  [main] 	Windows Version: Windows 8  64-bit
13:03:11  [main] 	XAMPP Version: 5.6.8
13:03:11  [main] 	Control Panel Version: 3.2.1  [ Compiled: May 7th 2013 ]
13:03:11  [main] 	You are not running with administrator rights! This will work for
13:03:11  [main] 	most application stuff but whenever you do something with services
13:03:11  [main] 	there will be a security dialogue or things will break! So think 
13:03:11  [main] 	about running this application with administrator rights!
13:03:11  [main] 	XAMPP Installation Directory: "e:\xampp\"
13:03:11  [main] 	Checking for prerequisites
13:03:15  [main] 	All prerequisites found
13:03:15  [main] 	Initializing Modules
13:03:15  [main] 	Starting Check-Timer
13:03:15  [main] 	Control Panel Ready
13:03:17  [Apache] 	Status change detected: running
13:03:27  [mysql] 	Status change detected: running
14:57:09  [mysql] 	Attempting to stop MySQL (PID: 3808)
14:57:09  [mysql] 	Status change detected: stopped
14:57:10  [Apache] 	Attempting to stop Apache (PID: 8248)
14:57:10  [Apache] 	Attempting to stop Apache (PID: 668)
14:57:10  [Apache] 	Status change detected: stopped
14:57:12  [main] 	Deinitializing Modules
14:57:12  [main] 	Deinitializing Control Panel

13:03:13  [main] 	Initializing Control Panel
13:03:13  [main] 	Windows Version: Windows 8  64-bit
13:03:13  [main] 	XAMPP Version: 5.6.8
13:03:13  [main] 	Control Panel Version: 3.2.1  [ Compiled: May 7th 2013 ]
13:03:13  [main] 	You are not running with administrator rights! This will work for
13:03:13  [main] 	most application stuff but whenever you do something with services
13:03:13  [main] 	there will be a security dialogue or things will break! So think 
13:03:13  [main] 	about running this application with administrator rights!
13:03:13  [main] 	XAMPP Installation Directory: "e:\xampp\"
13:03:13  [main] 	Checking for prerequisites
13:03:15  [main] 	All prerequisites found
13:03:15  [main] 	Initializing Modules
13:03:15  [main] 	Starting Check-Timer
13:03:15  [main] 	Control Panel Ready
13:03:17  [Apache] 	Attempting to start Apache app...
13:03:17  [Apache] 	Status change detected: running
13:03:18  [mysql] 	Attempting to start MySQL app...
13:03:27  [mysql] 	Status change detected: running
14:57:09  [mysql] 	Status change detected: stopped
14:57:09  [mysql] 	Error: MySQL shutdown unexpectedly.
14:57:09  [mysql] 	This may be due to a blocked port, missing dependencies, 
14:57:09  [mysql] 	improper privileges, a crash, or a shutdown by another method.
14:57:09  [mysql] 	Press the Logs button to view error logs and check
14:57:09  [mysql] 	the Windows Event Viewer for more clues
14:57:09  [mysql] 	If you need more help, copy and post this
14:57:09  [mysql] 	entire log window on the forums
14:57:10  [Apache] 	Status change detected: stopped
14:57:10  [Apache] 	Error: Apache shutdown unexpectedly.
14:57:10  [Apache] 	This may be due to a blocked port, missing dependencies, 
14:57:10  [Apache] 	improper privileges, a crash, or a shutdown by another method.
14:57:10  [Apache] 	Press the Logs button to view error logs and check
14:57:10  [Apache] 	the Windows Event Viewer for more clues
14:57:10  [Apache] 	If you need more help, copy and post this
14:57:10  [Apache] 	entire log window on the forums
14:57:18  [main] 	Deinitializing Modules
14:57:18  [main] 	Deinitializing Control Panel

17:54:43  [main] 	Initializing Control Panel
17:54:43  [main] 	Windows Version: Windows 8  64-bit
17:54:43  [main] 	XAMPP Version: 5.6.8
17:54:43  [main] 	Control Panel Version: 3.2.1  [ Compiled: May 7th 2013 ]
17:54:43  [main] 	You are not running with administrator rights! This will work for
17:54:43  [main] 	most application stuff but whenever you do something with services
17:54:43  [main] 	there will be a security dialogue or things will break! So think 
17:54:43  [main] 	about running this application with administrator rights!
17:54:43  [main] 	XAMPP Installation Directory: "f:\xampp\"
17:54:43  [main] 	Checking for prerequisites
17:54:43  [main] 	All prerequisites found
17:54:43  [main] 	Initializing Modules
17:54:43  [main] 	Starting Check-Timer
17:54:43  [main] 	Control Panel Ready
17:54:45  [Apache] 	Attempting to start Apache app...
17:54:45  [Apache] 	Status change detected: running
17:54:45  [mysql] 	Attempting to start MySQL app...
17:54:47  [mysql] 	Status change detected: running
21:01:41  [mysql] 	Attempting to stop MySQL (PID: 6080)
21:01:42  [mysql] 	Status change detected: stopped
21:01:42  [Apache] 	Attempting to stop Apache (PID: 5456)
21:01:42  [Apache] 	Attempting to stop Apache (PID: 4112)
21:01:42  [Apache] 	Status change detected: stopped
21:01:43  [main] 	Deinitializing Modules
21:01:43  [main] 	Deinitializing Control Panel

11:09:12  [main] 	Initializing Control Panel
11:09:12  [main] 	Windows Version: Windows 8  64-bit
11:09:12  [main] 	XAMPP Version: 5.6.8
11:09:12  [main] 	Control Panel Version: 3.2.1  [ Compiled: May 7th 2013 ]
11:09:12  [main] 	You are not running with administrator rights! This will work for
11:09:12  [main] 	most application stuff but whenever you do something with services
11:09:12  [main] 	there will be a security dialogue or things will break! So think 
11:09:12  [main] 	about running this application with administrator rights!
11:09:12  [main] 	XAMPP Installation Directory: "e:\xampp\"
11:09:12  [main] 	Checking for prerequisites
11:09:30  [main] 	All prerequisites found
11:09:30  [main] 	Initializing Modules
11:09:31  [main] 	Starting Check-Timer
11:09:31  [main] 	Control Panel Ready
11:10:13  [Apache] 	Attempting to start Apache app...
11:10:13  [Apache] 	Status change detected: running
11:10:14  [mysql] 	Attempting to start MySQL app...
11:10:24  [mysql] 	Status change detected: running
11:13:52  [mysql] 	Attempting to stop MySQL (PID: 8364)
11:13:52  [mysql] 	Status change detected: stopped
11:13:53  [Apache] 	Attempting to stop Apache (PID: 3388)
11:13:53  [Apache] 	Attempting to stop Apache (PID: 8332)
11:13:54  [Apache] 	Status change detected: stopped
11:13:55  [main] 	Deinitializing Modules
11:13:55  [main] 	Deinitializing Control Panel

18:15:05  [main] 	Initializing Control Panel
18:15:05  [main] 	Windows Version: Windows 7 Enterprise SP1 64-bit
18:15:05  [main] 	XAMPP Version: 5.6.8
18:15:05  [main] 	Control Panel Version: 3.2.1  [ Compiled: May 7th 2013 ]
18:15:05  [main] 	You are not running with administrator rights! This will work for
18:15:05  [main] 	most application stuff but whenever you do something with services
18:15:05  [main] 	there will be a security dialogue or things will break! So think 
18:15:05  [main] 	about running this application with administrator rights!
18:15:05  [main] 	XAMPP Installation Directory: "f:\xampp\"
18:15:05  [main] 	Checking for prerequisites
18:15:13  [main] 	All prerequisites found
18:15:13  [main] 	Initializing Modules
18:15:13  [main] 	Starting Check-Timer
18:15:13  [main] 	Control Panel Ready
18:15:35  [Apache] 	Attempting to start Apache app...
18:15:35  [Apache] 	Status change detected: running
18:15:36  [mysql] 	Attempting to start MySQL app...
18:15:36  [mysql] 	Status change detected: running
18:23:49  [Apache] 	Attempting to stop Apache (PID: 7404)
18:23:49  [Apache] 	Attempting to stop Apache (PID: 6456)
18:23:49  [Apache] 	Status change detected: stopped
18:23:49  [mysql] 	Attempting to stop MySQL (PID: 3844)
18:23:49  [mysql] 	Status change detected: stopped
18:23:50  [main] 	Deinitializing Modules
18:23:50  [main] 	Deinitializing Control Panel

18:25:58  [main] 	Initializing Control Panel
18:25:58  [main] 	Windows Version: Windows 7 Enterprise SP1 64-bit
18:25:58  [main] 	XAMPP Version: 5.6.8
18:25:58  [main] 	Control Panel Version: 3.2.1  [ Compiled: May 7th 2013 ]
18:25:58  [main] 	You are not running with administrator rights! This will work for
18:25:58  [main] 	most application stuff but whenever you do something with services
18:25:58  [main] 	there will be a security dialogue or things will break! So think 
18:25:58  [main] 	about running this application with administrator rights!
18:25:58  [main] 	XAMPP Installation Directory: "f:\xampp\"
18:25:58  [main] 	Checking for prerequisites
18:26:11  [main] 	All prerequisites found
18:26:11  [main] 	Initializing Modules
18:26:11  [main] 	Starting Check-Timer
18:26:11  [main] 	Control Panel Ready
18:26:14  [Apache] 	Attempting to start Apache app...
18:26:14  [Apache] 	Status change detected: running
18:26:14  [mysql] 	Attempting to start MySQL app...
18:26:15  [mysql] 	Status change detected: running
20:38:11  [Apache] 	Attempting to stop Apache (PID: 5732)
20:38:11  [Apache] 	Attempting to stop Apache (PID: 1992)
20:38:11  [mysql] 	Attempting to stop MySQL (PID: 4528)
20:38:11  [mysql] 	Attempting to stop MySQL (PID: 4528)
20:38:11  [mysql] 	Problem killing PID 4528
20:38:11  [mysql] 	Check that you have the proper privileges
20:38:12  [Apache] 	Status change detected: stopped
20:38:12  [mysql] 	Status change detected: stopped
20:38:13  [main] 	Deinitializing Modules
20:38:13  [main] 	Deinitializing Control Panel

13:22:48  [main] 	Initializing Control Panel
13:22:48  [main] 	Windows Version: Windows 7 Enterprise SP1 64-bit
13:22:48  [main] 	XAMPP Version: 5.6.8
13:22:48  [main] 	Control Panel Version: 3.2.1  [ Compiled: May 7th 2013 ]
13:22:48  [main] 	You are not running with administrator rights! This will work for
13:22:48  [main] 	most application stuff but whenever you do something with services
13:22:48  [main] 	there will be a security dialogue or things will break! So think 
13:22:48  [main] 	about running this application with administrator rights!
13:22:48  [main] 	XAMPP Installation Directory: "f:\xampp\"
13:22:48  [main] 	Checking for prerequisites
13:22:48  [main] 	All prerequisites found
13:22:48  [main] 	Initializing Modules
13:22:48  [main] 	Starting Check-Timer
13:22:48  [main] 	Control Panel Ready
13:22:50  [Apache] 	Attempting to start Apache app...
13:22:50  [Apache] 	Status change detected: running
13:22:50  [mysql] 	Attempting to start MySQL app...
13:22:51  [mysql] 	Status change detected: running
16:56:11  [Apache] 	Attempting to stop Apache (PID: 10384)
16:56:11  [Apache] 	Attempting to stop Apache (PID: 7456)
16:56:11  [Apache] 	Status change detected: stopped
16:56:12  [mysql] 	Attempting to stop MySQL (PID: 8212)
16:56:12  [mysql] 	Status change detected: stopped
16:56:14  [main] 	Deinitializing Modules
16:56:14  [main] 	Deinitializing Control Panel

17:05:58  [main] 	Initializing Control Panel
17:05:58  [main] 	Windows Version: Windows 8  64-bit
17:05:58  [main] 	XAMPP Version: 5.6.8
17:05:58  [main] 	Control Panel Version: 3.2.1  [ Compiled: May 7th 2013 ]
17:05:58  [main] 	You are not running with administrator rights! This will work for
17:05:58  [main] 	most application stuff but whenever you do something with services
17:05:58  [main] 	there will be a security dialogue or things will break! So think 
17:05:58  [main] 	about running this application with administrator rights!
17:05:58  [main] 	XAMPP Installation Directory: "f:\xampp\"
17:05:58  [main] 	Checking for prerequisites
17:05:59  [main] 	All prerequisites found
17:05:59  [main] 	Initializing Modules
17:05:59  [main] 	Starting Check-Timer
17:05:59  [main] 	Control Panel Ready
17:06:13  [mysql] 	Attempting to start MySQL app...
17:06:16  [Apache] 	Attempting to start Apache app...
17:06:16  [Apache] 	Status change detected: running
17:06:16  [mysql] 	Status change detected: running
00:10:39  [Apache] 	Attempting to stop Apache (PID: 1612)
00:10:39  [Apache] 	Attempting to stop Apache (PID: 5276)
00:10:39  [mysql] 	Attempting to stop MySQL (PID: 3600)
00:10:40  [Apache] 	Status change detected: stopped
00:10:40  [mysql] 	Status change detected: stopped
00:10:41  [main] 	Deinitializing Modules
00:10:41  [main] 	Deinitializing Control Panel

09:43:20  [main] 	Initializing Control Panel
09:43:20  [main] 	Windows Version: Windows 7 Enterprise SP1 64-bit
09:43:20  [main] 	XAMPP Version: 5.6.8
09:43:20  [main] 	Control Panel Version: 3.2.1  [ Compiled: May 7th 2013 ]
09:43:20  [main] 	You are not running with administrator rights! This will work for
09:43:20  [main] 	most application stuff but whenever you do something with services
09:43:20  [main] 	there will be a security dialogue or things will break! So think 
09:43:20  [main] 	about running this application with administrator rights!
09:43:20  [main] 	XAMPP Installation Directory: "f:\xampp\"
09:43:20  [main] 	Checking for prerequisites
09:43:31  [main] 	All prerequisites found
09:43:31  [main] 	Initializing Modules
09:43:31  [main] 	Starting Check-Timer
09:43:31  [main] 	Control Panel Ready
09:43:32  [Apache] 	Attempting to start Apache app...
09:43:32  [Apache] 	Status change detected: running
09:43:33  [mysql] 	Attempting to start MySQL app...
09:43:33  [mysql] 	Status change detected: running
10:55:44  [Apache] 	Attempting to stop Apache (PID: 3492)
10:55:44  [Apache] 	Attempting to stop Apache (PID: 5472)
10:55:45  [mysql] 	Attempting to stop MySQL (PID: 9124)
10:55:45  [Apache] 	Status change detected: stopped
10:55:45  [mysql] 	Status change detected: stopped
10:55:46  [main] 	Deinitializing Modules
10:55:46  [main] 	Deinitializing Control Panel

11:06:58  [main] 	Initializing Control Panel
11:06:58  [main] 	Windows Version: Windows 8  64-bit
11:06:58  [main] 	XAMPP Version: 5.6.8
11:06:58  [main] 	Control Panel Version: 3.2.1  [ Compiled: May 7th 2013 ]
11:06:58  [main] 	You are not running with administrator rights! This will work for
11:06:58  [main] 	most application stuff but whenever you do something with services
11:06:58  [main] 	there will be a security dialogue or things will break! So think 
11:06:58  [main] 	about running this application with administrator rights!
11:06:58  [main] 	XAMPP Installation Directory: "f:\xampp\"
11:06:58  [main] 	Checking for prerequisites
11:06:59  [main] 	All prerequisites found
11:06:59  [main] 	Initializing Modules
11:06:59  [Apache] 	Apache Service detected with wrong path
11:06:59  [Apache] 	Change XAMPP Apache and Control Panel settings or
11:06:59  [Apache] 	Uninstall/disable the other service manually first
11:06:59  [Apache] 	Found Path: "C:\Users\cliff\Desktop\webair\xampp\apache\bin\httpd.exe" -k runservice
11:06:59  [Apache] 	Expected Path: "f:\xampp\apache\bin\httpd.exe" -k runservice
11:06:59  [mysql] 	MySQL Service detected with wrong path
11:06:59  [mysql] 	Change XAMPP MySQL and Control Panel settings or
11:06:59  [mysql] 	Uninstall/disable the other service manually first
11:06:59  [mysql] 	Found Path: C:\Users\cliff\Desktop\webair\xampp\mysql\bin\mysqld.exe --defaults-file=c:\users\cliff\desktop\webair\xampp\mysql\bin\my.ini mysql
11:06:59  [mysql] 	Expected Path: f:\xampp\mysql\bin\mysqld.exe --defaults-file=f:\xampp\mysql\bin\my.ini mysql
11:06:59  [main] 	Starting Check-Timer
11:06:59  [main] 	Control Panel Ready
11:07:00  [Apache] 	Attempting to start Apache service...
11:07:08  [main] 	Deinitializing Modules
11:07:08  [main] 	Deinitializing Control Panel

11:08:13  [main] 	Initializing Control Panel
11:08:13  [main] 	Windows Version: Windows 8  64-bit
11:08:13  [main] 	XAMPP Version: 5.6.8
11:08:13  [main] 	Control Panel Version: 3.2.1  [ Compiled: May 7th 2013 ]
11:08:13  [main] 	You are not running with administrator rights! This will work for
11:08:13  [main] 	most application stuff but whenever you do something with services
11:08:13  [main] 	there will be a security dialogue or things will break! So think 
11:08:13  [main] 	about running this application with administrator rights!
11:08:13  [main] 	XAMPP Installation Directory: "f:\xampp\"
11:08:13  [main] 	Checking for prerequisites
11:08:13  [main] 	All prerequisites found
11:08:13  [main] 	Initializing Modules
11:08:13  [Apache] 	Apache Service detected with wrong path
11:08:13  [Apache] 	Change XAMPP Apache and Control Panel settings or
11:08:13  [Apache] 	Uninstall/disable the other service manually first
11:08:13  [Apache] 	Found Path: "C:\Users\cliff\Desktop\webair\xampp\apache\bin\httpd.exe" -k runservice
11:08:13  [Apache] 	Expected Path: "f:\xampp\apache\bin\httpd.exe" -k runservice
11:08:13  [mysql] 	MySQL Service detected with wrong path
11:08:13  [mysql] 	Change XAMPP MySQL and Control Panel settings or
11:08:13  [mysql] 	Uninstall/disable the other service manually first
11:08:13  [mysql] 	Found Path: C:\Users\cliff\Desktop\webair\xampp\mysql\bin\mysqld.exe --defaults-file=c:\users\cliff\desktop\webair\xampp\mysql\bin\my.ini mysql
11:08:13  [mysql] 	Expected Path: f:\xampp\mysql\bin\mysqld.exe --defaults-file=f:\xampp\mysql\bin\my.ini mysql
11:08:13  [main] 	Starting Check-Timer
11:08:13  [main] 	Control Panel Ready
11:08:15  [Apache] 	Attempting to start Apache service...
11:09:32  [main] 	Deinitializing Modules
11:09:32  [main] 	Deinitializing Control Panel

11:10:23  [main] 	Initializing Control Panel
11:10:23  [main] 	Windows Version: Windows 8 Enterprise  64-bit
11:10:23  [main] 	XAMPP Version: 5.6.8
11:10:23  [main] 	Control Panel Version: 3.2.1  [ Compiled: May 7th 2013 ]
11:10:23  [main] 	You are not running with administrator rights! This will work for
11:10:23  [main] 	most application stuff but whenever you do something with services
11:10:23  [main] 	there will be a security dialogue or things will break! So think 
11:10:23  [main] 	about running this application with administrator rights!
11:10:23  [main] 	XAMPP Installation Directory: "f:\xampp\"
11:10:23  [main] 	Checking for prerequisites
11:10:43  [main] 	All prerequisites found
11:10:43  [main] 	Initializing Modules
11:10:43  [main] 	Starting Check-Timer
11:10:43  [main] 	Control Panel Ready
11:10:46  [Apache] 	Attempting to start Apache app...
11:10:46  [Apache] 	Status change detected: running
11:10:47  [mysql] 	Attempting to start MySQL app...
11:10:47  [mysql] 	Status change detected: running
11:40:30  [mysql] 	Attempting to stop MySQL (PID: 6632)
11:40:31  [mysql] 	Status change detected: stopped
11:40:31  [Apache] 	Attempting to stop Apache (PID: 9348)
11:40:31  [Apache] 	Attempting to stop Apache (PID: 4740)
11:40:32  [main] 	Deinitializing Modules
11:40:32  [main] 	Deinitializing Control Panel

18:05:53  [main] 	Initializing Control Panel
18:05:53  [main] 	Windows Version: Windows 8  64-bit
18:05:53  [main] 	XAMPP Version: 5.6.8
18:05:53  [main] 	Control Panel Version: 3.2.1  [ Compiled: May 7th 2013 ]
18:05:53  [main] 	You are not running with administrator rights! This will work for
18:05:53  [main] 	most application stuff but whenever you do something with services
18:05:53  [main] 	there will be a security dialogue or things will break! So think 
18:05:53  [main] 	about running this application with administrator rights!
18:05:53  [main] 	XAMPP Installation Directory: "f:\xampp\"
18:05:53  [main] 	Checking for prerequisites
18:05:53  [main] 	All prerequisites found
18:05:53  [main] 	Initializing Modules
18:05:53  [main] 	Starting Check-Timer
18:05:53  [main] 	Control Panel Ready
18:05:54  [Apache] 	Attempting to start Apache app...
18:05:55  [Apache] 	Status change detected: running
18:05:55  [mysql] 	Attempting to start MySQL app...
18:05:57  [mysql] 	Status change detected: running
20:02:12  [mysql] 	Attempting to stop MySQL (PID: 7744)
20:02:12  [mysql] 	Status change detected: stopped
20:02:12  [Apache] 	Attempting to stop Apache (PID: 1460)
20:02:12  [Apache] 	Attempting to stop Apache (PID: 8752)
20:02:13  [Apache] 	Status change detected: stopped
20:02:13  [main] 	Deinitializing Modules
20:02:13  [main] 	Deinitializing Control Panel

21:12:43  [main] 	Initializing Control Panel
21:12:43  [main] 	Windows Version: Windows 8  64-bit
21:12:43  [main] 	XAMPP Version: 5.6.8
21:12:43  [main] 	Control Panel Version: 3.2.1  [ Compiled: May 7th 2013 ]
21:12:43  [main] 	You are not running with administrator rights! This will work for
21:12:43  [main] 	most application stuff but whenever you do something with services
21:12:43  [main] 	there will be a security dialogue or things will break! So think 
21:12:43  [main] 	about running this application with administrator rights!
21:12:43  [main] 	XAMPP Installation Directory: "f:\xampp\"
21:12:43  [main] 	Checking for prerequisites
21:12:44  [main] 	All prerequisites found
21:12:44  [main] 	Initializing Modules
21:12:44  [main] 	Starting Check-Timer
21:12:44  [main] 	Control Panel Ready
21:12:46  [Apache] 	Attempting to start Apache app...
21:12:46  [Apache] 	Status change detected: running
21:12:46  [mysql] 	Attempting to start MySQL app...
21:12:49  [mysql] 	Status change detected: running
00:04:16  [main] 	Deinitializing Modules
00:04:16  [main] 	Deinitializing Control Panel

14:19:07  [main] 	Initializing Control Panel
14:19:07  [main] 	Windows Version: Windows 7 Enterprise SP1 64-bit
14:19:07  [main] 	XAMPP Version: 5.6.8
14:19:07  [main] 	Control Panel Version: 3.2.1  [ Compiled: May 7th 2013 ]
14:19:07  [main] 	You are not running with administrator rights! This will work for
14:19:07  [main] 	most application stuff but whenever you do something with services
14:19:07  [main] 	there will be a security dialogue or things will break! So think 
14:19:07  [main] 	about running this application with administrator rights!
14:19:07  [main] 	XAMPP Installation Directory: "f:\xampp\"
14:19:07  [main] 	Checking for prerequisites
14:19:07  [main] 	All prerequisites found
14:19:07  [main] 	Initializing Modules
14:19:07  [main] 	Starting Check-Timer
14:19:07  [main] 	Control Panel Ready
14:19:33  [Apache] 	Attempting to start Apache app...
14:19:34  [Apache] 	Status change detected: running
14:19:34  [mysql] 	Attempting to start MySQL app...
14:19:34  [mysql] 	Status change detected: running
14:59:57  [Apache] 	Attempting to stop Apache (PID: 6492)
14:59:57  [Apache] 	Attempting to stop Apache (PID: 1564)
14:59:58  [Apache] 	Status change detected: stopped
14:59:58  [mysql] 	Attempting to stop MySQL (PID: 2608)
14:59:58  [mysql] 	Status change detected: stopped
14:59:59  [main] 	Deinitializing Modules
14:59:59  [main] 	Deinitializing Control Panel

14:18:53  [main] 	Initializing Control Panel
14:18:53  [main] 	Windows Version: Windows 7 Enterprise SP1 64-bit
14:18:53  [main] 	XAMPP Version: 5.6.8
14:18:53  [main] 	Control Panel Version: 3.2.1  [ Compiled: May 7th 2013 ]
14:18:53  [main] 	You are not running with administrator rights! This will work for
14:18:53  [main] 	most application stuff but whenever you do something with services
14:18:53  [main] 	there will be a security dialogue or things will break! So think 
14:18:53  [main] 	about running this application with administrator rights!
14:18:53  [main] 	XAMPP Installation Directory: "f:\xampp\"
14:18:53  [main] 	Checking for prerequisites
14:18:53  [main] 	All prerequisites found
14:18:53  [main] 	Initializing Modules
14:18:53  [main] 	Starting Check-Timer
14:18:53  [main] 	Control Panel Ready
14:19:34  [Apache] 	Status change detected: running
14:19:34  [mysql] 	Status change detected: running
14:59:58  [Apache] 	Status change detected: stopped
14:59:58  [Apache] 	Error: Apache shutdown unexpectedly.
14:59:58  [Apache] 	This may be due to a blocked port, missing dependencies, 
14:59:58  [Apache] 	improper privileges, a crash, or a shutdown by another method.
14:59:58  [Apache] 	Press the Logs button to view error logs and check
14:59:58  [Apache] 	the Windows Event Viewer for more clues
14:59:58  [Apache] 	If you need more help, copy and post this
14:59:58  [Apache] 	entire log window on the forums
14:59:58  [mysql] 	Status change detected: stopped
14:59:58  [mysql] 	Error: MySQL shutdown unexpectedly.
14:59:58  [mysql] 	This may be due to a blocked port, missing dependencies, 
14:59:58  [mysql] 	improper privileges, a crash, or a shutdown by another method.
14:59:58  [mysql] 	Press the Logs button to view error logs and check
14:59:58  [mysql] 	the Windows Event Viewer for more clues
14:59:58  [mysql] 	If you need more help, copy and post this
14:59:58  [mysql] 	entire log window on the forums
15:00:08  [main] 	Deinitializing Modules
15:00:08  [main] 	Deinitializing Control Panel

14:18:35  [main] 	Initializing Control Panel
14:18:35  [main] 	Windows Version: Windows 7 Enterprise SP1 64-bit
14:18:35  [main] 	XAMPP Version: 5.6.8
14:18:35  [main] 	Control Panel Version: 3.2.1  [ Compiled: May 7th 2013 ]
14:18:35  [main] 	You are not running with administrator rights! This will work for
14:18:35  [main] 	most application stuff but whenever you do something with services
14:18:35  [main] 	there will be a security dialogue or things will break! So think 
14:18:35  [main] 	about running this application with administrator rights!
14:18:35  [main] 	XAMPP Installation Directory: "f:\xampp\"
14:18:35  [main] 	Checking for prerequisites
14:18:41  [main] 	All prerequisites found
14:18:42  [main] 	Initializing Modules
14:18:42  [main] 	Starting Check-Timer
14:18:42  [main] 	Control Panel Ready
14:19:34  [Apache] 	Status change detected: running
14:19:34  [mysql] 	Status change detected: running
14:59:58  [Apache] 	Status change detected: stopped
14:59:58  [Apache] 	Error: Apache shutdown unexpectedly.
14:59:58  [Apache] 	This may be due to a blocked port, missing dependencies, 
14:59:58  [Apache] 	improper privileges, a crash, or a shutdown by another method.
14:59:58  [Apache] 	Press the Logs button to view error logs and check
14:59:58  [Apache] 	the Windows Event Viewer for more clues
14:59:58  [Apache] 	If you need more help, copy and post this
14:59:58  [Apache] 	entire log window on the forums
14:59:58  [mysql] 	Status change detected: stopped
14:59:58  [mysql] 	Error: MySQL shutdown unexpectedly.
14:59:58  [mysql] 	This may be due to a blocked port, missing dependencies, 
14:59:58  [mysql] 	improper privileges, a crash, or a shutdown by another method.
14:59:58  [mysql] 	Press the Logs button to view error logs and check
14:59:58  [mysql] 	the Windows Event Viewer for more clues
14:59:58  [mysql] 	If you need more help, copy and post this
14:59:58  [mysql] 	entire log window on the forums
15:00:08  [main] 	Deinitializing Modules
15:00:08  [main] 	Deinitializing Control Panel

22:28:54  [main] 	Initializing Control Panel
22:28:54  [main] 	Windows Version: Windows 8  64-bit
22:28:54  [main] 	XAMPP Version: 5.6.8
22:28:54  [main] 	Control Panel Version: 3.2.1  [ Compiled: May 7th 2013 ]
22:28:54  [main] 	You are not running with administrator rights! This will work for
22:28:54  [main] 	most application stuff but whenever you do something with services
22:28:54  [main] 	there will be a security dialogue or things will break! So think 
22:28:54  [main] 	about running this application with administrator rights!
22:28:54  [main] 	XAMPP Installation Directory: "f:\xampp\"
22:28:54  [main] 	Checking for prerequisites
22:28:54  [main] 	All prerequisites found
22:28:54  [main] 	Initializing Modules
22:28:54  [main] 	Starting Check-Timer
22:28:54  [main] 	Control Panel Ready
22:29:11  [main] 	Deinitializing Modules
22:29:11  [main] 	Deinitializing Control Panel

22:11:07  [main] 	Initializing Control Panel
22:11:07  [main] 	Windows Version: Windows 8  64-bit
22:11:07  [main] 	XAMPP Version: 5.6.8
22:11:07  [main] 	Control Panel Version: 3.2.1  [ Compiled: May 7th 2013 ]
22:11:07  [main] 	You are not running with administrator rights! This will work for
22:11:07  [main] 	most application stuff but whenever you do something with services
22:11:07  [main] 	there will be a security dialogue or things will break! So think 
22:11:07  [main] 	about running this application with administrator rights!
22:11:07  [main] 	XAMPP Installation Directory: "f:\xampp\"
22:11:07  [main] 	Checking for prerequisites
22:11:07  [main] 	All prerequisites found
22:11:07  [main] 	Initializing Modules
22:11:07  [main] 	Starting Check-Timer
22:11:07  [main] 	Control Panel Ready
22:29:23  [main] 	Deinitializing Modules
22:29:23  [main] 	Deinitializing Control Panel

22:29:19  [main] 	Initializing Control Panel
22:29:19  [main] 	Windows Version: Windows 8  64-bit
22:29:19  [main] 	XAMPP Version: 5.6.8
22:29:19  [main] 	Control Panel Version: 3.2.1  [ Compiled: May 7th 2013 ]
22:29:19  [main] 	You are not running with administrator rights! This will work for
22:29:19  [main] 	most application stuff but whenever you do something with services
22:29:19  [main] 	there will be a security dialogue or things will break! So think 
22:29:19  [main] 	about running this application with administrator rights!
22:29:19  [main] 	XAMPP Installation Directory: "f:\xampp\"
22:29:19  [main] 	Checking for prerequisites
22:29:19  [main] 	All prerequisites found
22:29:19  [main] 	Initializing Modules
22:29:19  [main] 	Starting Check-Timer
22:29:19  [main] 	Control Panel Ready
22:29:26  [Apache] 	Attempting to start Apache app...
22:29:27  [Apache] 	Status change detected: running
22:29:30  [mysql] 	Attempting to start MySQL app...
22:29:39  [mysql] 	Status change detected: running
00:57:57  [Apache] 	Attempting to stop Apache (PID: 10144)
00:57:57  [Apache] 	Attempting to stop Apache (PID: 8100)
00:57:57  [Apache] 	Status change detected: stopped
00:57:58  [mysql] 	Attempting to stop MySQL (PID: 2596)
00:57:59  [mysql] 	Status change detected: stopped
00:58:01  [main] 	Deinitializing Modules
00:58:01  [main] 	Deinitializing Control Panel

14:17:33  [main] 	Initializing Control Panel
14:17:33  [main] 	Windows Version: Windows 7 Enterprise SP1 64-bit
14:17:33  [main] 	XAMPP Version: 5.6.8
14:17:33  [main] 	Control Panel Version: 3.2.1  [ Compiled: May 7th 2013 ]
14:17:33  [main] 	You are not running with administrator rights! This will work for
14:17:33  [main] 	most application stuff but whenever you do something with services
14:17:33  [main] 	there will be a security dialogue or things will break! So think 
14:17:33  [main] 	about running this application with administrator rights!
14:17:33  [main] 	XAMPP Installation Directory: "f:\xampp\"
14:17:33  [main] 	Checking for prerequisites
14:17:34  [main] 	All prerequisites found
14:17:34  [main] 	Initializing Modules
14:17:34  [main] 	Starting Check-Timer
14:17:34  [main] 	Control Panel Ready
14:17:52  [Apache] 	Attempting to start Apache app...
14:17:52  [Apache] 	Status change detected: running
14:17:53  [mysql] 	Attempting to start MySQL app...
14:17:53  [mysql] 	Status change detected: running
19:42:30  [Apache] 	Attempting to stop Apache (PID: 1700)
19:42:30  [Apache] 	Attempting to stop Apache (PID: 11232)
19:42:30  [Apache] 	Status change detected: stopped
19:42:30  [mysql] 	Attempting to stop MySQL (PID: 1748)
19:42:30  [mysql] 	Status change detected: stopped
19:42:31  [main] 	Deinitializing Modules
19:42:31  [main] 	Deinitializing Control Panel

